2018-03-29 08:51:57.521  INFO 2320 --- [main] com.example.demo.DIConfig                : Starting DIConfig on DESKTOP-06IU1LI with PID 2320 (D:\data\Workspace\News\bin\main started by LitaVadaski in D:\data\Workspace\News)
2018-03-29 08:51:57.523  INFO 2320 --- [main] com.example.demo.DIConfig                : No active profile set, falling back to default profiles: default
2018-03-29 08:51:57.558  INFO 2320 --- [main] ConfigServletWebServerApplicationContext : Refreshing org.springframework.boot.web.servlet.context.AnnotationConfigServletWebServerApplicationContext@7ea37dbf: startup date [Thu Mar 29 08:51:57 CST 2018]; root of context hierarchy
2018-03-29 08:51:58.190  INFO 2320 --- [main] o.s.b.w.embedded.tomcat.TomcatWebServer  : Tomcat initialized with port(s): 8080 (http)
2018-03-29 08:51:58.205  INFO 2320 --- [main] o.apache.catalina.core.StandardService   : Starting service [Tomcat]
2018-03-29 08:51:58.205  INFO 2320 --- [main] org.apache.catalina.core.StandardEngine  : Starting Servlet Engine: Apache Tomcat/8.5.29
2018-03-29 08:51:58.208  INFO 2320 --- [localhost-startStop-1] o.a.catalina.core.AprLifecycleListener   : The APR based Apache Tomcat Native library which allows optimal performance in production environments was not found on the java.library.path: [C:\Program Files\Java\jre1.8.0_151\bin;C:\WINDOWS\Sun\Java\bin;C:\WINDOWS\system32;C:\WINDOWS;C:/Program Files/Java/jre1.8.0_151/bin/server;C:/Program Files/Java/jre1.8.0_151/bin;C:/Program Files/Java/jre1.8.0_151/lib/amd64;C:\ProgramData\Oracle\Java\javapath;C:\Windows\system32;C:\Windows;C:\Windows\System32\Wbem;C:\Windows\System32\WindowsPowerShell\v1.0\;C:\ProgramData\Anaconda3;C:\ProgramData\Anaconda3\Scripts;C:\ProgramData\Anaconda3\Library\bin;C:\Program Files (x86)\NVIDIA Corporation\PhysX\Common;C:\Program Files\Java\jdk1.8.0_131\bin;C:\Program Files\Android\android-sdk\platform-tools;C:\Program Files\Android\android-sdk\tools;C:\Android;C:\Program Files\Git\cmd;C:\Program Files\nodejs\;M2_HOME\bin;;%SystemRoot%\system32;%SystemRoot%;%SystemRoot%\System32\Wbem;%SYSTEMROOT%\System32\WindowsPowerShell\v1.0\;C:\Users\LitaVadaski\AppData\Local\Microsoft\WindowsApps;C:\Program Files\Android\Android Studio\platform-tools;C:\AppServ\Apache24\bin;C:\AppServ\php5;C:\AppServ\MySQL\bin;C:\Users\LitaVadaski\AppData\Local\GitHubDesktop\bin;C:\Users\LitaVadaski\AppData\Roaming\npm;C:\Users\LitaVadaski\AppData\Local\Microsoft\WindowsApps;;C:\WINDOWS\System32;;.]
2018-03-29 08:51:58.274  INFO 2320 --- [localhost-startStop-1] o.a.c.c.C.[Tomcat].[localhost].[/]       : Initializing Spring embedded WebApplicationContext
2018-03-29 08:51:58.275  INFO 2320 --- [localhost-startStop-1] o.s.web.context.ContextLoader            : Root WebApplicationContext: initialization completed in 717 ms
2018-03-29 08:51:58.354  INFO 2320 --- [localhost-startStop-1] o.s.b.w.servlet.ServletRegistrationBean  : Servlet dispatcherServlet mapped to [/]
2018-03-29 08:51:58.357  INFO 2320 --- [localhost-startStop-1] o.s.b.w.servlet.FilterRegistrationBean   : Mapping filter: 'characterEncodingFilter' to: [/*]
2018-03-29 08:51:58.358  INFO 2320 --- [localhost-startStop-1] o.s.b.w.servlet.FilterRegistrationBean   : Mapping filter: 'hiddenHttpMethodFilter' to: [/*]
2018-03-29 08:51:58.358  INFO 2320 --- [localhost-startStop-1] o.s.b.w.servlet.FilterRegistrationBean   : Mapping filter: 'httpPutFormContentFilter' to: [/*]
2018-03-29 08:51:58.358  INFO 2320 --- [localhost-startStop-1] o.s.b.w.servlet.FilterRegistrationBean   : Mapping filter: 'requestContextFilter' to: [/*]
2018-03-29 08:51:58.498  INFO 2320 --- [main] o.s.w.s.handler.SimpleUrlHandlerMapping  : Mapped URL path [/**/favicon.ico] onto handler of type [class org.springframework.web.servlet.resource.ResourceHttpRequestHandler]
2018-03-29 08:51:58.570  INFO 2320 --- [main] s.w.s.m.m.a.RequestMappingHandlerAdapter : Looking for @ControllerAdvice: org.springframework.boot.web.servlet.context.AnnotationConfigServletWebServerApplicationContext@7ea37dbf: startup date [Thu Mar 29 08:51:57 CST 2018]; root of context hierarchy
2018-03-29 08:51:58.608  INFO 2320 --- [main] s.w.s.m.m.a.RequestMappingHandlerMapping : Mapped "{[/news/{id}],methods=[GET]}" onto public com.example.demo.News com.example.demo.NewsController.getNewsById(int)
2018-03-29 08:51:58.611  INFO 2320 --- [main] s.w.s.m.m.a.RequestMappingHandlerMapping : Mapped "{[/error],produces=[text/html]}" onto public org.springframework.web.servlet.ModelAndView org.springframework.boot.autoconfigure.web.servlet.error.BasicErrorController.errorHtml(javax.servlet.http.HttpServletRequest,javax.servlet.http.HttpServletResponse)
2018-03-29 08:51:58.611  INFO 2320 --- [main] s.w.s.m.m.a.RequestMappingHandlerMapping : Mapped "{[/error]}" onto public org.springframework.http.ResponseEntity<java.lang.String> org.springframework.boot.autoconfigure.web.servlet.error.BasicErrorController.errorText(javax.servlet.http.HttpServletRequest)
2018-03-29 08:51:58.611  INFO 2320 --- [main] s.w.s.m.m.a.RequestMappingHandlerMapping : Mapped "{[/error],produces=[application/xml || text/xml || application/json || application/*+xml || application/*+json]}" onto public org.springframework.http.ResponseEntity<java.util.Map<java.lang.String, java.lang.Object>> org.springframework.boot.autoconfigure.web.servlet.error.BasicErrorController.errorStructured(javax.servlet.http.HttpServletRequest)
2018-03-29 08:51:58.627  INFO 2320 --- [main] o.s.w.s.handler.SimpleUrlHandlerMapping  : Mapped URL path [/webjars/**] onto handler of type [class org.springframework.web.servlet.resource.ResourceHttpRequestHandler]
2018-03-29 08:51:58.627  INFO 2320 --- [main] o.s.w.s.handler.SimpleUrlHandlerMapping  : Mapped URL path [/**] onto handler of type [class org.springframework.web.servlet.resource.ResourceHttpRequestHandler]
2018-03-29 08:51:58.735  INFO 2320 --- [main] o.s.j.e.a.AnnotationMBeanExporter        : Registering beans for JMX exposure on startup
2018-03-29 08:51:58.763  INFO 2320 --- [main] o.s.b.w.embedded.tomcat.TomcatWebServer  : Tomcat started on port(s): 8080 (http) with context path ''
2018-03-29 08:51:58.766  INFO 2320 --- [main] com.example.demo.DIConfig                : Started DIConfig in 1.442 seconds (JVM running for 2.014)
2018-03-29 08:52:03.718  INFO 2320 --- [http-nio-8080-exec-1] o.a.c.c.C.[Tomcat].[localhost].[/]       : Initializing Spring FrameworkServlet 'dispatcherServlet'
2018-03-29 08:52:03.719  INFO 2320 --- [http-nio-8080-exec-1] o.s.web.servlet.DispatcherServlet        : FrameworkServlet 'dispatcherServlet': initialization started
2018-03-29 08:52:03.730  INFO 2320 --- [http-nio-8080-exec-1] o.s.web.servlet.DispatcherServlet        : FrameworkServlet 'dispatcherServlet': initialization completed in 11 ms
2018-03-29 08:52:03.752  INFO 2320 --- [http-nio-8080-exec-1] com.example.demo.NewsController          : 正在查询id = 0的news
2018-03-29 08:52:03.752  INFO 2320 --- [http-nio-8080-exec-1] com.example.demo.DataBaseSimulation      : 成功查询到NEWS_ID = 0的数据
2018-03-29 08:52:53.267  INFO 2320 --- [RMI TCP Connection(2)-127.0.0.1] inMXBeanRegistrar$SpringApplicationAdmin : Application shutdown requested.
2018-03-29 08:52:53.267  INFO 2320 --- [RMI TCP Connection(2)-127.0.0.1] ConfigServletWebServerApplicationContext : Closing org.springframework.boot.web.servlet.context.AnnotationConfigServletWebServerApplicationContext@7ea37dbf: startup date [Thu Mar 29 08:51:57 CST 2018]; root of context hierarchy
2018-03-29 08:52:53.269  INFO 2320 --- [RMI TCP Connection(2)-127.0.0.1] o.s.j.e.a.AnnotationMBeanExporter        : Unregistering JMX-exposed beans on shutdown
2018-03-29 08:53:19.821  INFO 7748 --- [main] com.example.demo.DIConfig                : Starting DIConfig on DESKTOP-06IU1LI with PID 7748 (D:\data\Workspace\News\bin\main started by LitaVadaski in D:\data\Workspace\News)
2018-03-29 08:53:19.823  INFO 7748 --- [main] com.example.demo.DIConfig                : No active profile set, falling back to default profiles: default
2018-03-29 08:53:19.860  INFO 7748 --- [main] ConfigServletWebServerApplicationContext : Refreshing org.springframework.boot.web.servlet.context.AnnotationConfigServletWebServerApplicationContext@8909f18: startup date [Thu Mar 29 08:53:19 CST 2018]; root of context hierarchy
2018-03-29 08:53:20.498  INFO 7748 --- [main] o.s.b.w.embedded.tomcat.TomcatWebServer  : Tomcat initialized with port(s): 8080 (http)
2018-03-29 08:53:20.512  INFO 7748 --- [main] o.apache.catalina.core.StandardService   : Starting service [Tomcat]
2018-03-29 08:53:20.513  INFO 7748 --- [main] org.apache.catalina.core.StandardEngine  : Starting Servlet Engine: Apache Tomcat/8.5.29
2018-03-29 08:53:20.516  INFO 7748 --- [localhost-startStop-1] o.a.catalina.core.AprLifecycleListener   : The APR based Apache Tomcat Native library which allows optimal performance in production environments was not found on the java.library.path: [C:\Program Files\Java\jre1.8.0_151\bin;C:\WINDOWS\Sun\Java\bin;C:\WINDOWS\system32;C:\WINDOWS;C:/Program Files/Java/jre1.8.0_151/bin/server;C:/Program Files/Java/jre1.8.0_151/bin;C:/Program Files/Java/jre1.8.0_151/lib/amd64;C:\ProgramData\Oracle\Java\javapath;C:\Windows\system32;C:\Windows;C:\Windows\System32\Wbem;C:\Windows\System32\WindowsPowerShell\v1.0\;C:\ProgramData\Anaconda3;C:\ProgramData\Anaconda3\Scripts;C:\ProgramData\Anaconda3\Library\bin;C:\Program Files (x86)\NVIDIA Corporation\PhysX\Common;C:\Program Files\Java\jdk1.8.0_131\bin;C:\Program Files\Android\android-sdk\platform-tools;C:\Program Files\Android\android-sdk\tools;C:\Android;C:\Program Files\Git\cmd;C:\Program Files\nodejs\;M2_HOME\bin;;%SystemRoot%\system32;%SystemRoot%;%SystemRoot%\System32\Wbem;%SYSTEMROOT%\System32\WindowsPowerShell\v1.0\;C:\Users\LitaVadaski\AppData\Local\Microsoft\WindowsApps;C:\Program Files\Android\Android Studio\platform-tools;C:\AppServ\Apache24\bin;C:\AppServ\php5;C:\AppServ\MySQL\bin;C:\Users\LitaVadaski\AppData\Local\GitHubDesktop\bin;C:\Users\LitaVadaski\AppData\Roaming\npm;C:\Users\LitaVadaski\AppData\Local\Microsoft\WindowsApps;;C:\WINDOWS\System32;;.]
2018-03-29 08:53:20.584  INFO 7748 --- [localhost-startStop-1] o.a.c.c.C.[Tomcat].[localhost].[/]       : Initializing Spring embedded WebApplicationContext
2018-03-29 08:53:20.584  INFO 7748 --- [localhost-startStop-1] o.s.web.context.ContextLoader            : Root WebApplicationContext: initialization completed in 724 ms
2018-03-29 08:53:20.663  INFO 7748 --- [localhost-startStop-1] o.s.b.w.servlet.ServletRegistrationBean  : Servlet dispatcherServlet mapped to [/]
2018-03-29 08:53:20.666  INFO 7748 --- [localhost-startStop-1] o.s.b.w.servlet.FilterRegistrationBean   : Mapping filter: 'characterEncodingFilter' to: [/*]
2018-03-29 08:53:20.667  INFO 7748 --- [localhost-startStop-1] o.s.b.w.servlet.FilterRegistrationBean   : Mapping filter: 'hiddenHttpMethodFilter' to: [/*]
2018-03-29 08:53:20.667  INFO 7748 --- [localhost-startStop-1] o.s.b.w.servlet.FilterRegistrationBean   : Mapping filter: 'httpPutFormContentFilter' to: [/*]
2018-03-29 08:53:20.667  INFO 7748 --- [localhost-startStop-1] o.s.b.w.servlet.FilterRegistrationBean   : Mapping filter: 'requestContextFilter' to: [/*]
2018-03-29 08:53:20.809  INFO 7748 --- [main] o.s.w.s.handler.SimpleUrlHandlerMapping  : Mapped URL path [/**/favicon.ico] onto handler of type [class org.springframework.web.servlet.resource.ResourceHttpRequestHandler]
2018-03-29 08:53:20.882  INFO 7748 --- [main] s.w.s.m.m.a.RequestMappingHandlerAdapter : Looking for @ControllerAdvice: org.springframework.boot.web.servlet.context.AnnotationConfigServletWebServerApplicationContext@8909f18: startup date [Thu Mar 29 08:53:19 CST 2018]; root of context hierarchy
2018-03-29 08:53:20.919  INFO 7748 --- [main] s.w.s.m.m.a.RequestMappingHandlerMapping : Mapped "{[/news/{id}],methods=[GET]}" onto public com.example.demo.News com.example.demo.NewsController.getNewsById(int)
2018-03-29 08:53:20.919  INFO 7748 --- [main] s.w.s.m.m.a.RequestMappingHandlerMapping : Mapped "{[/news],methods=[POST]}" onto public boolean com.example.demo.NewsController.setNews(com.example.demo.News)
2018-03-29 08:53:20.922  INFO 7748 --- [main] s.w.s.m.m.a.RequestMappingHandlerMapping : Mapped "{[/error]}" onto public org.springframework.http.ResponseEntity<java.lang.String> org.springframework.boot.autoconfigure.web.servlet.error.BasicErrorController.errorText(javax.servlet.http.HttpServletRequest)
2018-03-29 08:53:20.923  INFO 7748 --- [main] s.w.s.m.m.a.RequestMappingHandlerMapping : Mapped "{[/error],produces=[application/xml || text/xml || application/json || application/*+xml || application/*+json]}" onto public org.springframework.http.ResponseEntity<java.util.Map<java.lang.String, java.lang.Object>> org.springframework.boot.autoconfigure.web.servlet.error.BasicErrorController.errorStructured(javax.servlet.http.HttpServletRequest)
2018-03-29 08:53:20.923  INFO 7748 --- [main] s.w.s.m.m.a.RequestMappingHandlerMapping : Mapped "{[/error],produces=[text/html]}" onto public org.springframework.web.servlet.ModelAndView org.springframework.boot.autoconfigure.web.servlet.error.BasicErrorController.errorHtml(javax.servlet.http.HttpServletRequest,javax.servlet.http.HttpServletResponse)
2018-03-29 08:53:20.939  INFO 7748 --- [main] o.s.w.s.handler.SimpleUrlHandlerMapping  : Mapped URL path [/webjars/**] onto handler of type [class org.springframework.web.servlet.resource.ResourceHttpRequestHandler]
2018-03-29 08:53:20.939  INFO 7748 --- [main] o.s.w.s.handler.SimpleUrlHandlerMapping  : Mapped URL path [/**] onto handler of type [class org.springframework.web.servlet.resource.ResourceHttpRequestHandler]
2018-03-29 08:53:21.043  INFO 7748 --- [main] o.s.j.e.a.AnnotationMBeanExporter        : Registering beans for JMX exposure on startup
2018-03-29 08:53:21.073  INFO 7748 --- [main] o.s.b.w.embedded.tomcat.TomcatWebServer  : Tomcat started on port(s): 8080 (http) with context path ''
2018-03-29 08:53:21.076  INFO 7748 --- [main] com.example.demo.DIConfig                : Started DIConfig in 1.447 seconds (JVM running for 1.945)
2018-03-29 08:53:38.713  INFO 7748 --- [RMI TCP Connection(2)-127.0.0.1] inMXBeanRegistrar$SpringApplicationAdmin : Application shutdown requested.
2018-03-29 08:53:38.714  INFO 7748 --- [RMI TCP Connection(2)-127.0.0.1] ConfigServletWebServerApplicationContext : Closing org.springframework.boot.web.servlet.context.AnnotationConfigServletWebServerApplicationContext@8909f18: startup date [Thu Mar 29 08:53:19 CST 2018]; root of context hierarchy
2018-03-29 08:53:38.716  INFO 7748 --- [RMI TCP Connection(2)-127.0.0.1] o.s.j.e.a.AnnotationMBeanExporter        : Unregistering JMX-exposed beans on shutdown
