2018-03-29 08:51:33.363  INFO 10612 --- [main] com.example.demo.DIConfig                : Starting DIConfig on DESKTOP-06IU1LI with PID 10612 (D:\data\Workspace\News\bin\main started by LitaVadaski in D:\data\Workspace\News)
2018-03-29 08:51:33.365  INFO 10612 --- [main] com.example.demo.DIConfig                : No active profile set, falling back to default profiles: default
2018-03-29 08:51:33.399  INFO 10612 --- [main] ConfigServletWebServerApplicationContext : Refreshing org.springframework.boot.web.servlet.context.AnnotationConfigServletWebServerApplicationContext@8909f18: startup date [Thu Mar 29 08:51:33 CST 2018]; root of context hierarchy
2018-03-29 08:51:34.043  INFO 10612 --- [main] o.s.b.w.embedded.tomcat.TomcatWebServer  : Tomcat initialized with port(s): 8080 (http)
2018-03-29 08:51:34.058  INFO 10612 --- [main] o.apache.catalina.core.StandardService   : Starting service [Tomcat]
2018-03-29 08:51:34.058  INFO 10612 --- [main] org.apache.catalina.core.StandardEngine  : Starting Servlet Engine: Apache Tomcat/8.5.29
2018-03-29 08:51:34.061  INFO 10612 --- [localhost-startStop-1] o.a.catalina.core.AprLifecycleListener   : The APR based Apache Tomcat Native library which allows optimal performance in production environments was not found on the java.library.path: [C:\Program Files\Java\jre1.8.0_151\bin;C:\WINDOWS\Sun\Java\bin;C:\WINDOWS\system32;C:\WINDOWS;C:/Program Files/Java/jre1.8.0_151/bin/server;C:/Program Files/Java/jre1.8.0_151/bin;C:/Program Files/Java/jre1.8.0_151/lib/amd64;C:\ProgramData\Oracle\Java\javapath;C:\Windows\system32;C:\Windows;C:\Windows\System32\Wbem;C:\Windows\System32\WindowsPowerShell\v1.0\;C:\ProgramData\Anaconda3;C:\ProgramData\Anaconda3\Scripts;C:\ProgramData\Anaconda3\Library\bin;C:\Program Files (x86)\NVIDIA Corporation\PhysX\Common;C:\Program Files\Java\jdk1.8.0_131\bin;C:\Program Files\Android\android-sdk\platform-tools;C:\Program Files\Android\android-sdk\tools;C:\Android;C:\Program Files\Git\cmd;C:\Program Files\nodejs\;M2_HOME\bin;;%SystemRoot%\system32;%SystemRoot%;%SystemRoot%\System32\Wbem;%SYSTEMROOT%\System32\WindowsPowerShell\v1.0\;C:\Users\LitaVadaski\AppData\Local\Microsoft\WindowsApps;C:\Program Files\Android\Android Studio\platform-tools;C:\AppServ\Apache24\bin;C:\AppServ\php5;C:\AppServ\MySQL\bin;C:\Users\LitaVadaski\AppData\Local\GitHubDesktop\bin;C:\Users\LitaVadaski\AppData\Roaming\npm;C:\Users\LitaVadaski\AppData\Local\Microsoft\WindowsApps;;C:\WINDOWS\System32;;.]
2018-03-29 08:51:34.123  INFO 10612 --- [localhost-startStop-1] o.a.c.c.C.[Tomcat].[localhost].[/]       : Initializing Spring embedded WebApplicationContext
2018-03-29 08:51:34.123  INFO 10612 --- [localhost-startStop-1] o.s.web.context.ContextLoader            : Root WebApplicationContext: initialization completed in 724 ms
2018-03-29 08:51:34.204  INFO 10612 --- [localhost-startStop-1] o.s.b.w.servlet.ServletRegistrationBean  : Servlet dispatcherServlet mapped to [/]
2018-03-29 08:51:34.207  INFO 10612 --- [localhost-startStop-1] o.s.b.w.servlet.FilterRegistrationBean   : Mapping filter: 'characterEncodingFilter' to: [/*]
2018-03-29 08:51:34.207  INFO 10612 --- [localhost-startStop-1] o.s.b.w.servlet.FilterRegistrationBean   : Mapping filter: 'hiddenHttpMethodFilter' to: [/*]
2018-03-29 08:51:34.208  INFO 10612 --- [localhost-startStop-1] o.s.b.w.servlet.FilterRegistrationBean   : Mapping filter: 'httpPutFormContentFilter' to: [/*]
2018-03-29 08:51:34.208  INFO 10612 --- [localhost-startStop-1] o.s.b.w.servlet.FilterRegistrationBean   : Mapping filter: 'requestContextFilter' to: [/*]
2018-03-29 08:51:34.349  INFO 10612 --- [main] o.s.w.s.handler.SimpleUrlHandlerMapping  : Mapped URL path [/**/favicon.ico] onto handler of type [class org.springframework.web.servlet.resource.ResourceHttpRequestHandler]
2018-03-29 08:51:34.422  INFO 10612 --- [main] s.w.s.m.m.a.RequestMappingHandlerAdapter : Looking for @ControllerAdvice: org.springframework.boot.web.servlet.context.AnnotationConfigServletWebServerApplicationContext@8909f18: startup date [Thu Mar 29 08:51:33 CST 2018]; root of context hierarchy
2018-03-29 08:51:34.458  INFO 10612 --- [main] s.w.s.m.m.a.RequestMappingHandlerMapping : Mapped "{[/news/{id}],methods=[GET]}" onto public com.example.demo.News com.example.demo.NewsController.getNewsById(int)
2018-03-29 08:51:34.460  INFO 10612 --- [main] s.w.s.m.m.a.RequestMappingHandlerMapping : Mapped "{[/error],produces=[text/html]}" onto public org.springframework.web.servlet.ModelAndView org.springframework.boot.autoconfigure.web.servlet.error.BasicErrorController.errorHtml(javax.servlet.http.HttpServletRequest,javax.servlet.http.HttpServletResponse)
2018-03-29 08:51:34.461  INFO 10612 --- [main] s.w.s.m.m.a.RequestMappingHandlerMapping : Mapped "{[/error]}" onto public org.springframework.http.ResponseEntity<java.lang.String> org.springframework.boot.autoconfigure.web.servlet.error.BasicErrorController.errorText(javax.servlet.http.HttpServletRequest)
2018-03-29 08:51:34.461  INFO 10612 --- [main] s.w.s.m.m.a.RequestMappingHandlerMapping : Mapped "{[/error],produces=[application/xml || text/xml || application/json || application/*+xml || application/*+json]}" onto public org.springframework.http.ResponseEntity<java.util.Map<java.lang.String, java.lang.Object>> org.springframework.boot.autoconfigure.web.servlet.error.BasicErrorController.errorStructured(javax.servlet.http.HttpServletRequest)
2018-03-29 08:51:34.476  INFO 10612 --- [main] o.s.w.s.handler.SimpleUrlHandlerMapping  : Mapped URL path [/webjars/**] onto handler of type [class org.springframework.web.servlet.resource.ResourceHttpRequestHandler]
2018-03-29 08:51:34.477  INFO 10612 --- [main] o.s.w.s.handler.SimpleUrlHandlerMapping  : Mapped URL path [/**] onto handler of type [class org.springframework.web.servlet.resource.ResourceHttpRequestHandler]
2018-03-29 08:51:34.580  INFO 10612 --- [main] o.s.j.e.a.AnnotationMBeanExporter        : Registering beans for JMX exposure on startup
2018-03-29 08:51:34.609  INFO 10612 --- [main] o.s.b.w.embedded.tomcat.TomcatWebServer  : Tomcat started on port(s): 8080 (http) with context path ''
2018-03-29 08:51:34.611  INFO 10612 --- [main] com.example.demo.DIConfig                : Started DIConfig in 1.439 seconds (JVM running for 1.985)
2018-03-29 08:51:46.654  INFO 10612 --- [RMI TCP Connection(2)-127.0.0.1] inMXBeanRegistrar$SpringApplicationAdmin : Application shutdown requested.
2018-03-29 08:51:46.654  INFO 10612 --- [RMI TCP Connection(2)-127.0.0.1] ConfigServletWebServerApplicationContext : Closing org.springframework.boot.web.servlet.context.AnnotationConfigServletWebServerApplicationContext@8909f18: startup date [Thu Mar 29 08:51:33 CST 2018]; root of context hierarchy
2018-03-29 08:51:46.656  INFO 10612 --- [RMI TCP Connection(2)-127.0.0.1] o.s.j.e.a.AnnotationMBeanExporter        : Unregistering JMX-exposed beans on shutdown
